This file contains any messages produced by compilers while
running configure, to aid debugging if configure makes a mistake.

It was created by configure, which was
generated by GNU Autoconf 2.63.  Invocation command line was

  $ ./configure -C

## --------- ##
## Platform. ##
## --------- ##

hostname = paierie.inria.fr
uname -m = x86_64
uname -r = 2.6.23.17-88.fc7
uname -s = Linux
uname -v = #1 SMP Thu May 15 00:02:29 EDT 2008

/usr/bin/uname -p = unknown
/bin/uname -X     = unknown

/bin/arch              = x86_64
/usr/bin/arch -k       = unknown
/usr/convex/getsysinfo = unknown
/usr/bin/hostinfo      = unknown
/bin/machine           = unknown
/usr/bin/oslevel       = unknown
/bin/universe          = unknown

PATH: .
PATH: /usr/kerberos/sbin
PATH: .
PATH: /usr/lib64/qt-3.3/bin
PATH: /usr/kerberos/bin
PATH: /usr/lib64/ccache
PATH: /usr/local/bin
PATH: /usr/bin
PATH: /bin
PATH: /user/akrifa/home/ns-allinone-2.30/ns-2.30/indep-utils/cmu-scen-gen/setdest
PATH: /user/akrifa/home/ns-allinone-2.30/bin/
PATH: /user/akrifa/home/rar/bin
PATH: /user/akrifa/home/Ecode/tcpdump-4.0.0
PATH: /user/akrifa/home/Ecode/softflowd-0.9.8
PATH: /user/akrifa/home/ns-allinone-2.30/tk8.4.13/unix
PATH: /user/akrifa/home/ns-allinone-2.30/tcl8.4.13/unix
PATH: /user/akrifa/home/ns-allinone-2.30/lib/
PATH: /user/akrifa/home/ns-allinone-2.30/ns-2.30/indep-utils/cmu-scen-gen/setdest
PATH: /user/akrifa/home/ns-allinone-2.30/bin/
PATH: /user/akrifa/home/rar/bin
PATH: /user/akrifa/home/Ecode/tcpdump-4.0.0
PATH: /user/akrifa/home/Ecode/softflowd-0.9.8
PATH: /user/akrifa/home/ns-allinone-2.30/tk8.4.13/unix
PATH: /user/akrifa/home/ns-allinone-2.30/tcl8.4.13/unix
PATH: /user/akrifa/home/ns-allinone-2.30/lib/
PATH: /user/akrifa/home/Xerces-C_2_8_0
PATH: /user/akrifa/home/Xerces-C_2_8_0/lib
PATH: /user/akrifa/home/oasys/lib


## ----------- ##
## Core tests. ##
## ----------- ##

configure:1799: loading cache config.cache
configure:1958: checking location of source directory
configure:1961: result: "/user/akrifa/home/DTN2"
configure:1966: checking location of build directory
configure:1968: result: "/user/akrifa/home/DTN2"
configure:2058: checking for a C compiler (trying gcc gcc-4.3 gcc-4.2 gcc-4.1 gcc-4.0 gcc-3.4 gcc-3.3)
configure:2060: result: 
configure:2116: checking for gcc
configure:2143: result: gcc
configure:2177: checking for C compiler version
configure:2185: gcc --version >&5
gcc (GCC) 4.1.2 20070925 (Red Hat 4.1.2-27)
Copyright (C) 2006 Free Software Foundation, Inc.
This is free software; see the source for copying conditions.  There is NO
warranty; not even for MERCHANTABILITY or FITNESS FOR A PARTICULAR PURPOSE.

configure:2189: $? = 0
configure:2196: gcc -v >&5
Using built-in specs.
Target: x86_64-redhat-linux
Configured with: ../configure --prefix=/usr --mandir=/usr/share/man --infodir=/usr/share/info --enable-shared --enable-threads=posix --enable-checking=release --with-system-zlib --enable-__cxa_atexit --disable-libunwind-exceptions --enable-languages=c,c++,objc,obj-c++,java,fortran,ada --enable-java-awt=gtk --disable-dssi --enable-plugin --with-java-home=/usr/lib/jvm/java-1.5.0-gcj-1.5.0.0/jre --enable-libgcj-multifile --enable-java-maintainer-mode --with-ecj-jar=/usr/share/java/eclipse-ecj.jar --with-cpu=generic --host=x86_64-redhat-linux
Thread model: posix
gcc version 4.1.2 20070925 (Red Hat 4.1.2-27)
configure:2200: $? = 0
configure:2207: gcc -V >&5
gcc: '-V' option must have argument
configure:2211: $? = 1
configure:2234: checking for C compiler default output file name
configure:2256: gcc    conftest.c  >&5
configure:2260: $? = 0
configure:2298: result: a.out
configure:2317: checking whether the C compiler works
configure:2327: ./a.out
configure:2331: $? = 0
configure:2350: result: yes
configure:2357: checking whether we are cross compiling
configure:2359: result: no
configure:2362: checking for suffix of executables
configure:2369: gcc -o conftest    conftest.c  >&5
configure:2373: $? = 0
configure:2399: result: 
configure:2405: checking for suffix of object files
configure:2460: result: o
configure:2464: checking whether we are using the GNU C compiler
configure:2517: result: yes
configure:2526: checking whether gcc accepts -g
configure:2664: result: yes
configure:2681: checking for gcc option to accept ISO C89
configure:2785: result: none needed
configure:2804: checking for a C++ compiler (trying g++ g++-4.3 g++-4.2 g++-4.1 g++-4.0 g++-3.4 g++-3.3)
configure:2806: result: 
configure:2866: checking for g++
configure:2893: result: g++
configure:2920: checking for C++ compiler version
configure:2928: g++ --version >&5
g++ (GCC) 4.1.2 20070925 (Red Hat 4.1.2-27)
Copyright (C) 2006 Free Software Foundation, Inc.
This is free software; see the source for copying conditions.  There is NO
warranty; not even for MERCHANTABILITY or FITNESS FOR A PARTICULAR PURPOSE.

configure:2932: $? = 0
configure:2939: g++ -v >&5
Using built-in specs.
Target: x86_64-redhat-linux
Configured with: ../configure --prefix=/usr --mandir=/usr/share/man --infodir=/usr/share/info --enable-shared --enable-threads=posix --enable-checking=release --with-system-zlib --enable-__cxa_atexit --disable-libunwind-exceptions --enable-languages=c,c++,objc,obj-c++,java,fortran,ada --enable-java-awt=gtk --disable-dssi --enable-plugin --with-java-home=/usr/lib/jvm/java-1.5.0-gcj-1.5.0.0/jre --enable-libgcj-multifile --enable-java-maintainer-mode --with-ecj-jar=/usr/share/java/eclipse-ecj.jar --with-cpu=generic --host=x86_64-redhat-linux
Thread model: posix
gcc version 4.1.2 20070925 (Red Hat 4.1.2-27)
configure:2943: $? = 0
configure:2950: g++ -V >&5
g++: '-V' option must have argument
configure:2954: $? = 1
configure:2957: checking whether we are using the GNU C++ compiler
configure:3010: result: yes
configure:3019: checking whether g++ accepts -g
configure:3157: result: yes
configure:3181: checking whether the C++ compiler works
configure:3210: g++ -o conftest -g -O2   conftest.cpp  >&5
configure:3217: $? = 0
configure:3225: result: yes
configure:3257: checking how to run the C preprocessor
configure:3375: result: gcc -E
configure:3404: gcc -E  conftest.c
configure:3411: $? = 0
configure:3442: gcc -E  conftest.c
conftest.c:11:28: error: ac_nonexistent.h: No such file or directory
configure:3449: $? = 1
configure: failed program was:
| /* confdefs.h.  */
| #define PACKAGE_NAME ""
| #define PACKAGE_TARNAME ""
| #define PACKAGE_VERSION ""
| #define PACKAGE_STRING ""
| #define PACKAGE_BUGREPORT ""
| #define DTN_CONFIG_STATE 1
| #define INSTALL_SYSCONFDIR "/etc"
| #define INSTALL_LOCALSTATEDIR "/var"
| /* end confdefs.h.  */
| #include <ac_nonexistent.h>
configure:3489: checking for the version of the GNU C compiler
configure:3498: result: 4.1
configure:3501: checking for the version of the GNU C++ compiler
configure:3510: result: 4.1
configure:3596: checking for ar
configure:3623: result: ar
configure:3688: checking for ranlib
configure:3715: result: ranlib
configure:3753: checking whether to compile with debugging
configure:3755: result: yes
configure:3774: checking whether to compile with memory debugging
configure:3776: result: no
configure:3795: checking whether to compile with lock debugging (default yes)
configure:3797: result: yes
configure:3817: checking whether to compile with optimization
configure:3819: result: no
configure:3840: checking whether to compile with profiling
configure:3842: result: no
configure:3859: checking whether to link statically
configure:3861: result: no
configure:3872: checking whether to link using static external libraries
configure:3874: result: no
configure:3886: checking whether to try to build shared libraries
configure:3901: result: yes
configure:3912: checking whether the compiler supports -fPIC
configure:3923: gcc -c -fPIC -DPIC -g -O2 -Werror  conftest.c >&5
configure:3930: $? = 0
configure:3944: result: yes
configure:3950: checking whether the compiler can link a dynamic library with -shared
configure:3962: gcc -o conftest -fPIC -DPIC -g -O2 -Werror  -shared  conftest.c  >&5
configure:3969: $? = 0
configure:3988: result: yes
configure:3996: checking extension for dynamic libraries
configure:4008: result: so
configure:4011: checking if the compiler supports -Wl,--rpath=.
configure:4023: gcc -o conftest -fPIC -DPIC -g -O2 -Werror  -shared  -Wl,-rpath=/foo conftest.c  >&5
configure:4030: $? = 0
configure:4049: result: yes
configure:4107: checking for an oasys installation (version 1.3 or better)
configure:4323: gcc -o conftest -g -O2 -I/user/akrifa/home/DTN2/oasys/include   /user/akrifa/home/DTN2/oasys/lib/liboasys-1.3.0.a conftest.c  >&5
configure:4330: $? = 0
configure:4339: result: ../oasys
configure:4470: checking for grep that handles long lines and -e
configure:4530: result: /bin/grep
configure:4535: checking for egrep
configure:4599: result: /bin/grep -E
configure:4604: checking for ANSI C header files
configure:4772: result: yes
configure:4796: checking for sys/types.h
configure:4841: result: yes
configure:4796: checking for sys/stat.h
configure:4841: result: yes
configure:4796: checking for stdlib.h
configure:4841: result: yes
configure:4796: checking for string.h
configure:4841: result: yes
configure:4796: checking for memory.h
configure:4841: result: yes
configure:4796: checking for strings.h
configure:4841: result: yes
configure:4796: checking for inttypes.h
configure:4841: result: yes
configure:4796: checking for stdint.h
configure:4841: result: yes
configure:4796: checking for unistd.h
configure:4841: result: yes
configure:4869: checking whether bonjour support should be enabled
configure:4878: result: try
configure:4890: checking searching for the bonjour library development headers
configure:4897: checking for dns_sd.h
configure:4904: result: no
configure:5035: result: bonjour header not found
configure:5041: checking for library containing DNSServiceRegister
configure:5120: result: no
configure:5127: result: function not found in bonjour library
configure:5149: checking whether bonjour support was found
configure:5161: result: no
configure:5198: checking whether to enable external convergence layer support
configure:5205: result: yes
configure:5209: checking whether oasys is configured with XERCES_C_ENABLED
configure:5246: gcc -o conftest -g -O2  -I/user/akrifa/home/DTN2/oasys/include  conftest.c  >&5
configure:5253: $? = 0
configure:5275: result: yes
configure:5302: checking whether to enable external decision plane support
configure:5309: result: yes
configure:5313: checking whether oasys is configured with XERCES_C_ENABLED
configure:5318: result: yes (cached)
configure:5409: checking whether to enable NORM convergence layer support
configure:5413: result: no
configure:5564: checking how to run the C++ preprocessor
configure:5678: result: g++ -E
configure:5707: g++ -E  conftest.cpp
configure:5714: $? = 0
configure:5745: g++ -E  conftest.cpp
conftest.cpp:24:28: error: ac_nonexistent.h: No such file or directory
configure:5752: $? = 1
configure: failed program was:
| /* confdefs.h.  */
| #define PACKAGE_NAME ""
| #define PACKAGE_TARNAME ""
| #define PACKAGE_VERSION ""
| #define PACKAGE_STRING ""
| #define PACKAGE_BUGREPORT ""
| #define DTN_CONFIG_STATE 1
| #define INSTALL_SYSCONFDIR "/etc"
| #define INSTALL_LOCALSTATEDIR "/var"
| #define OASYS_DEBUG_LOCKING_ENABLED 1
| #define STDC_HEADERS 1
| #define HAVE_SYS_TYPES_H 1
| #define HAVE_SYS_STAT_H 1
| #define HAVE_STDLIB_H 1
| #define HAVE_STRING_H 1
| #define HAVE_MEMORY_H 1
| #define HAVE_STRINGS_H 1
| #define HAVE_INTTYPES_H 1
| #define HAVE_STDINT_H 1
| #define HAVE_UNISTD_H 1
| #define EXTERNAL_CL_ENABLED 1
| #define EXTERNAL_DP_ENABLED 1
| /* end confdefs.h.  */
| #include <ac_nonexistent.h>
configure:6305: creating ./config.status

## ---------------------- ##
## Running config.status. ##
## ---------------------- ##

This file was extended by config.status, which was
generated by GNU Autoconf 2.63.  Invocation command line was

  CONFIG_FILES    = 
  CONFIG_HEADERS  = 
  CONFIG_LINKS    = 
  CONFIG_COMMANDS = 
  $ ./config.status 

on paierie.inria.fr

config.status:770: creating Rules.make
config.status:770: creating System.make
config.status:770: creating dtn-config.h
config.status:981: dtn-config.h is unchanged

## ---------------- ##
## Cache variables. ##
## ---------------- ##

ac_cv_c_compiler_gnu=yes
ac_cv_cxx_compiler_gnu=yes
ac_cv_env_CCC_set=
ac_cv_env_CCC_value=
ac_cv_env_CC_set=
ac_cv_env_CC_value=
ac_cv_env_CFLAGS_set=
ac_cv_env_CFLAGS_value=
ac_cv_env_CPPFLAGS_set=
ac_cv_env_CPPFLAGS_value=
ac_cv_env_CPP_set=
ac_cv_env_CPP_value=
ac_cv_env_CXXCPP_set=
ac_cv_env_CXXCPP_value=
ac_cv_env_CXXFLAGS_set=
ac_cv_env_CXXFLAGS_value=
ac_cv_env_CXX_set=
ac_cv_env_CXX_value=
ac_cv_env_LDFLAGS_set=
ac_cv_env_LDFLAGS_value=
ac_cv_env_LIBS_set=
ac_cv_env_LIBS_value=
ac_cv_env_build_alias_set=
ac_cv_env_build_alias_value=
ac_cv_env_host_alias_set=
ac_cv_env_host_alias_value=
ac_cv_env_target_alias_set=
ac_cv_env_target_alias_value=
ac_cv_header_dns_sd_h=no
ac_cv_header_inttypes_h=yes
ac_cv_header_memory_h=yes
ac_cv_header_stdc=yes
ac_cv_header_stdint_h=yes
ac_cv_header_stdlib_h=yes
ac_cv_header_string_h=yes
ac_cv_header_strings_h=yes
ac_cv_header_sys_stat_h=yes
ac_cv_header_sys_types_h=yes
ac_cv_header_unistd_h=yes
ac_cv_objext=o
ac_cv_path_EGREP='/bin/grep -E'
ac_cv_path_GREP=/bin/grep
ac_cv_prog_CPP='gcc -E'
ac_cv_prog_CXXCPP='g++ -E'
ac_cv_prog_ac_ct_AR=ar
ac_cv_prog_ac_ct_CC=gcc
ac_cv_prog_ac_ct_CXX=g++
ac_cv_prog_ac_ct_RANLIB=ranlib
ac_cv_prog_cc_c89=
ac_cv_prog_cc_g=yes
ac_cv_prog_cxx_g=yes
ac_cv_search_DNSServiceRegister=no
oasys_cv_prog_gccver=4.1
oasys_cv_prog_gxxver=4.1

## ----------------- ##
## Output variables. ##
## ----------------- ##

AR='ar'
BUILDDIR='/user/akrifa/home/DTN2'
BUILD_SYSTEM='Linux'
CC='gcc'
CFLAGS='-g -O2'
CPP='gcc -E'
CPPFLAGS=''
CXX='g++'
CXXCPP='g++ -E'
CXXFLAGS='-g -O2'
DEBUG='-g -fno-inline'
DEFS='-DHAVE_CONFIG_H'
DEPFLAGS='-MMD -MP -MT "$*.o $*.E"'
ECHO_C=''
ECHO_N='-n'
ECHO_T=''
EGREP='/bin/grep -E'
EXEEXT=''
EXTLIB_CFLAGS=''
EXTLIB_LDFLAGS=''
EXTRA_CFLAGS=''
EXTRA_LDFLAGS=''
GREP='/bin/grep'
INCFLAGS='-I$(OASYS_INCDIR)/oasys/ext -I$(SRCDIR)/servlib'
LDFLAGS=''
LDFLAGS_SHLIB='-shared -fPIC -DPIC'
LIBOBJS=''
LIBS=''
LTLIBOBJS=''
OASYS_COMPAT_LDFLAGS='/user/akrifa/home/DTN2/oasys/lib/liboasyscompat-1.3.0.a'
OASYS_ETCDIR='/user/akrifa/home/DTN2/oasys/share'
OASYS_INCDIR='/user/akrifa/home/DTN2/oasys/include'
OASYS_LDFLAGS='/user/akrifa/home/DTN2/oasys/lib/liboasys-1.3.0.a'
OASYS_LDFLAGS_STATIC='/user/akrifa/home/DTN2/oasys/lib/liboasys-1.3.0.a'
OASYS_LIBDIR='/user/akrifa/home/DTN2/oasys/lib'
OASYS_VERSION='1.3.0'
OBJEXT='o'
OPTIMIZE=''
OPTIMIZE_WARN=''
PACKAGE_BUGREPORT=''
PACKAGE_NAME=''
PACKAGE_STRING=''
PACKAGE_TARNAME=''
PACKAGE_VERSION=''
PATH_SEPARATOR=':'
PICFLAGS='-fPIC -DPIC'
PROFILE=''
RANLIB='ranlib'
RPATH='-Wl,-rpath=. -Wl,-rpath=$(prefix)/lib'
SHELL='/bin/sh'
SHLIBS='yes'
SHLIB_EXT='so'
SRCDIR='/user/akrifa/home/DTN2'
STATIC='no'
SYS_EXTLIB_CFLAGS=''
SYS_EXTLIB_LDFLAGS=''
TARGET='native'
ac_ct_CC='gcc'
ac_ct_CXX='g++'
bindir='${exec_prefix}/bin'
build_alias=''
datadir='${datarootdir}'
datarootdir='${prefix}/share'
docdir='${datarootdir}/doc/${PACKAGE}'
dvidir='${docdir}'
exec_prefix='${prefix}'
host_alias=''
htmldir='${docdir}'
includedir='${prefix}/include'
infodir='${datarootdir}/info'
libdir='${exec_prefix}/lib'
libexecdir='${exec_prefix}/libexec'
localedir='${datarootdir}/locale'
localstatedir='/var'
mandir='${datarootdir}/man'
oldincludedir='/usr/include'
pdfdir='${docdir}'
prefix='/usr'
program_transform_name='s,x,x,'
psdir='${docdir}'
sbindir='${exec_prefix}/sbin'
sharedstatedir='${prefix}/com'
sysconfdir='/etc'
target_alias=''

## ----------- ##
## confdefs.h. ##
## ----------- ##

#define PACKAGE_NAME ""
#define PACKAGE_TARNAME ""
#define PACKAGE_VERSION ""
#define PACKAGE_STRING ""
#define PACKAGE_BUGREPORT ""
#define DTN_CONFIG_STATE 1
#define INSTALL_SYSCONFDIR "/etc"
#define INSTALL_LOCALSTATEDIR "/var"
#define OASYS_DEBUG_LOCKING_ENABLED 1
#define STDC_HEADERS 1
#define HAVE_SYS_TYPES_H 1
#define HAVE_SYS_STAT_H 1
#define HAVE_STDLIB_H 1
#define HAVE_STRING_H 1
#define HAVE_MEMORY_H 1
#define HAVE_STRINGS_H 1
#define HAVE_INTTYPES_H 1
#define HAVE_STDINT_H 1
#define HAVE_UNISTD_H 1
#define EXTERNAL_CL_ENABLED 1
#define EXTERNAL_DP_ENABLED 1

configure: exit 0
